[2017-12-31 17:32:19.7844][WISGNYAZILIM85][Info] Application started... 
[2017-12-31 17:32:20.3207][WISGNYAZILIM85][Info] Request starting HTTP/1.1 GET http://localhost:2462/api/product   
[2017-12-31 17:32:21.6933][WISGNYAZILIM85][Info] Authorization failed for user: (null). 
[2017-12-31 17:32:21.7363][WISGNYAZILIM85][Info] Authorization failed for the request at filter 'Microsoft.AspNetCore.Mvc.Authorization.AuthorizeFilter'. 
[2017-12-31 17:32:21.8223][WISGNYAZILIM85][Info] Executing ChallengeResult with authentication schemes (Bearer). 
[2017-12-31 17:32:21.8715][WISGNYAZILIM85][Info] AuthenticationScheme: Bearer was challenged. 
[2017-12-31 17:32:21.9207][WISGNYAZILIM85][Info] Executed action ProductsApi.Controllers.ProductController.GetAllProducts (ProductsApi) in 347.0485ms 
[2017-12-31 17:32:22.0719][WISGNYAZILIM85][Info] Request finished in 1874.5683ms 401  
[2017-12-31 17:32:52.8423][WISGNYAZILIM85][Info] Request starting HTTP/1.1 POST http://localhost:2462/api/Account/Login application/json 59 
[2017-12-31 17:32:53.3831][WISGNYAZILIM85][Info] Executing action method ProductsApi.Controllers.AccountController.Login (ProductsApi) with arguments (ProductsApi.Model.Login) - ModelState is Valid 
[2017-12-31 17:32:59.5694][WISGNYAZILIM85][Info] Entity Framework Core 2.0.1-rtm-125 initialized 'ApplicationDbContext' using provider 'Npgsql.EntityFrameworkCore.PostgreSQL' with options: None 
[2017-12-31 17:33:01.0631][WISGNYAZILIM85][Error] Failed executing DbCommand (38ms) [Parameters=[@__normalizedUserName_0='?' (Size = 256)], CommandType='Text', CommandTimeout='30']
SELECT "u"."Id", "u"."AccessFailedCount", "u"."ConcurrencyStamp", "u"."Email", "u"."EmailConfirmed", "u"."LockoutEnabled", "u"."LockoutEnd", "u"."NormalizedEmail", "u"."NormalizedUserName", "u"."PasswordHash", "u"."PhoneNumber", "u"."PhoneNumberConfirmed", "u"."SecurityStamp", "u"."TwoFactorEnabled", "u"."UserName"
FROM "AspNetUsers" AS "u"
WHERE "u"."NormalizedUserName" = @__normalizedUserName_0
LIMIT 1 42P01: relation "AspNetUsers" does not exist
[2017-12-31 17:33:02.2746][WISGNYAZILIM85][Error] An exception occurred in the database while iterating the results of a query for context type 'ProductsApi.Model.ApplicationDbContext'.
Npgsql.PostgresException (0x80004005): 42P01: relation "AspNetUsers" does not exist
   at Npgsql.NpgsqlConnector.<DoReadMessage>d__148.MoveNext()
--- End of stack trace from previous location where exception was thrown ---
   at System.Runtime.ExceptionServices.ExceptionDispatchInfo.Throw()
   at System.Runtime.CompilerServices.TaskAwaiter.HandleNonSuccessAndDebuggerNotification(Task task)
   at System.Runtime.CompilerServices.TaskAwaiter`1.GetResult()
   at System.Runtime.CompilerServices.ValueTaskAwaiter`1.GetResult()
   at Npgsql.NpgsqlConnector.<ReadMessage>d__147.MoveNext()
--- End of stack trace from previous location where exception was thrown ---
   at System.Runtime.ExceptionServices.ExceptionDispatchInfo.Throw()
   at Npgsql.NpgsqlConnector.<ReadMessage>d__147.MoveNext()
--- End of stack trace from previous location where exception was thrown ---
   at System.Runtime.ExceptionServices.ExceptionDispatchInfo.Throw()
   at System.Runtime.CompilerServices.TaskAwaiter.HandleNonSuccessAndDebuggerNotification(Task task)
   at System.Runtime.CompilerServices.TaskAwaiter`1.GetResult()
   at System.Runtime.CompilerServices.ValueTaskAwaiter`1.GetResult()
   at Npgsql.NpgsqlConnector.<ReadExpecting>d__154`1.MoveNext()
--- End of stack trace from previous location where exception was thrown ---
   at System.Runtime.ExceptionServices.ExceptionDispatchInfo.Throw()
   at System.Runtime.CompilerServices.TaskAwaiter.HandleNonSuccessAndDebuggerNotification(Task task)
   at System.Runtime.CompilerServices.TaskAwaiter`1.GetResult()
   at System.Runtime.CompilerServices.ValueTaskAwaiter`1.GetResult()
   at Npgsql.NpgsqlDataReader.<NextResult>d__32.MoveNext()
--- End of stack trace from previous location where exception was thrown ---
   at System.Runtime.ExceptionServices.ExceptionDispatchInfo.Throw()
   at System.Runtime.CompilerServices.TaskAwaiter.HandleNonSuccessAndDebuggerNotification(Task task)
   at Npgsql.NpgsqlDataReader.<<NextResultAsync>b__31_0>d.MoveNext()
--- End of stack trace from previous location where exception was thrown ---
   at System.Runtime.ExceptionServices.ExceptionDispatchInfo.Throw()
   at System.Runtime.CompilerServices.TaskAwaiter.HandleNonSuccessAndDebuggerNotification(Task task)
   at Npgsql.NpgsqlCommand.<Execute>d__71.MoveNext()
--- End of stack trace from previous location where exception was thrown ---
   at System.Runtime.ExceptionServices.ExceptionDispatchInfo.Throw()
   at System.Runtime.CompilerServices.TaskAwaiter.HandleNonSuccessAndDebuggerNotification(Task task)
   at System.Runtime.CompilerServices.TaskAwaiter`1.GetResult()
   at System.Runtime.CompilerServices.ValueTaskAwaiter`1.GetResult()
   at Npgsql.NpgsqlCommand.<ExecuteDbDataReader>d__92.MoveNext()
--- End of stack trace from previous location where exception was thrown ---
   at System.Runtime.ExceptionServices.ExceptionDispatchInfo.Throw()
   at System.Runtime.CompilerServices.TaskAwaiter.HandleNonSuccessAndDebuggerNotification(Task task)
   at System.Runtime.CompilerServices.TaskAwaiter`1.GetResult()
   at System.Runtime.CompilerServices.ValueTaskAwaiter`1.GetResult()
   at Npgsql.NpgsqlCommand.<>c__DisplayClass90_0.<<ExecuteDbDataReaderAsync>b__0>d.MoveNext()
--- End of stack trace from previous location where exception was thrown ---
   at System.Runtime.ExceptionServices.ExceptionDispatchInfo.Throw()
   at System.Runtime.CompilerServices.TaskAwaiter.HandleNonSuccessAndDebuggerNotification(Task task)
   at System.Runtime.CompilerServices.TaskAwaiter`1.GetResult()
   at Microsoft.EntityFrameworkCore.Storage.Internal.RelationalCommand.<ExecuteAsync>d__17.MoveNext()
--- End of stack trace from previous location where exception was thrown ---
   at System.Runtime.ExceptionServices.ExceptionDispatchInfo.Throw()
   at System.Runtime.CompilerServices.TaskAwaiter.HandleNonSuccessAndDebuggerNotification(Task task)
   at System.Runtime.CompilerServices.TaskAwaiter`1.GetResult()
   at Microsoft.EntityFrameworkCore.Query.Internal.AsyncQueryingEnumerable`1.AsyncEnumerator.<BufferlessMoveNext>d__10.MoveNext()
--- End of stack trace from previous location where exception was thrown ---
   at System.Runtime.ExceptionServices.ExceptionDispatchInfo.Throw()
   at System.Runtime.CompilerServices.TaskAwaiter.HandleNonSuccessAndDebuggerNotification(Task task)
   at Microsoft.EntityFrameworkCore.Storage.Internal.NpgsqlExecutionStrategy.<ExecuteAsync>d__7`2.MoveNext()
--- End of stack trace from previous location where exception was thrown ---
   at System.Runtime.ExceptionServices.ExceptionDispatchInfo.Throw()
   at System.Runtime.CompilerServices.TaskAwaiter.HandleNonSuccessAndDebuggerNotification(Task task)
   at System.Runtime.CompilerServices.TaskAwaiter`1.GetResult()
   at Microsoft.EntityFrameworkCore.Query.Internal.AsyncQueryingEnumerable`1.AsyncEnumerator.<MoveNext>d__9.MoveNext()
--- End of stack trace from previous location where exception was thrown ---
   at System.Runtime.ExceptionServices.ExceptionDispatchInfo.Throw()
   at System.Runtime.CompilerServices.TaskAwaiter.HandleNonSuccessAndDebuggerNotification(Task task)
   at System.Runtime.CompilerServices.ConfiguredTaskAwaitable`1.ConfiguredTaskAwaiter.GetResult()
   at System.Linq.AsyncEnumerable.<FirstOrDefault_>d__165`1.MoveNext()
--- End of stack trace from previous location where exception was thrown ---
   at System.Runtime.ExceptionServices.ExceptionDispatchInfo.Throw()
   at System.Runtime.CompilerServices.TaskAwaiter.HandleNonSuccessAndDebuggerNotification(Task task)
   at System.Runtime.CompilerServices.TaskAwaiter`1.GetResult()
   at Microsoft.EntityFrameworkCore.Query.Internal.AsyncLinqOperatorProvider.TaskResultAsyncEnumerable`1.Enumerator.<MoveNext>d__3.MoveNext()
--- End of stack trace from previous location where exception was thrown ---
   at System.Runtime.ExceptionServices.ExceptionDispatchInfo.Throw()
   at System.Runtime.CompilerServices.TaskAwaiter.HandleNonSuccessAndDebuggerNotification(Task task)
   at System.Runtime.CompilerServices.ConfiguredTaskAwaitable`1.ConfiguredTaskAwaiter.GetResult()
   at System.Linq.AsyncEnumerable.SelectEnumerableAsyncIterator`2.<MoveNextCore>d__7.MoveNext()
--- End of stack trace from previous location where exception was thrown ---
   at System.Runtime.ExceptionServices.ExceptionDispatchInfo.Throw()
   at System.Runtime.CompilerServices.TaskAwaiter.HandleNonSuccessAndDebuggerNotification(Task task)
   at System.Runtime.CompilerServices.ConfiguredTaskAwaitable`1.ConfiguredTaskAwaiter.GetResult()
   at System.Linq.AsyncEnumerable.AsyncIterator`1.<MoveNext>d__10.MoveNext()
--- End of stack trace from previous location where exception was thrown ---
   at System.Runtime.ExceptionServices.ExceptionDispatchInfo.Throw()
   at System.Runtime.CompilerServices.TaskAwaiter.HandleNonSuccessAndDebuggerNotification(Task task)
   at System.Runtime.CompilerServices.TaskAwaiter`1.GetResult()
   at Microsoft.EntityFrameworkCore.Query.Internal.AsyncLinqOperatorProvider.ExceptionInterceptor`1.EnumeratorExceptionInterceptor.<MoveNext>d__5.MoveNext() 42P01: relation "AspNetUsers" does not exist
[2017-12-31 17:33:03.5101][WISGNYAZILIM85][Error] An exception occurred in the database while iterating the results of a query for context type 'ProductsApi.Model.ApplicationDbContext'.
Npgsql.PostgresException (0x80004005): 42P01: relation "AspNetUsers" does not exist
   at Npgsql.NpgsqlConnector.<DoReadMessage>d__148.MoveNext()
--- End of stack trace from previous location where exception was thrown ---
   at System.Runtime.ExceptionServices.ExceptionDispatchInfo.Throw()
   at System.Runtime.CompilerServices.TaskAwaiter.HandleNonSuccessAndDebuggerNotification(Task task)
   at System.Runtime.CompilerServices.TaskAwaiter`1.GetResult()
   at System.Runtime.CompilerServices.ValueTaskAwaiter`1.GetResult()
   at Npgsql.NpgsqlConnector.<ReadMessage>d__147.MoveNext()
--- End of stack trace from previous location where exception was thrown ---
   at System.Runtime.ExceptionServices.ExceptionDispatchInfo.Throw()
   at Npgsql.NpgsqlConnector.<ReadMessage>d__147.MoveNext()
--- End of stack trace from previous location where exception was thrown ---
   at System.Runtime.ExceptionServices.ExceptionDispatchInfo.Throw()
   at System.Runtime.CompilerServices.TaskAwaiter.HandleNonSuccessAndDebuggerNotification(Task task)
   at System.Runtime.CompilerServices.TaskAwaiter`1.GetResult()
   at System.Runtime.CompilerServices.ValueTaskAwaiter`1.GetResult()
   at Npgsql.NpgsqlConnector.<ReadExpecting>d__154`1.MoveNext()
--- End of stack trace from previous location where exception was thrown ---
   at System.Runtime.ExceptionServices.ExceptionDispatchInfo.Throw()
   at System.Runtime.CompilerServices.TaskAwaiter.HandleNonSuccessAndDebuggerNotification(Task task)
   at System.Runtime.CompilerServices.TaskAwaiter`1.GetResult()
   at System.Runtime.CompilerServices.ValueTaskAwaiter`1.GetResult()
   at Npgsql.NpgsqlDataReader.<NextResult>d__32.MoveNext()
--- End of stack trace from previous location where exception was thrown ---
   at System.Runtime.ExceptionServices.ExceptionDispatchInfo.Throw()
   at System.Runtime.CompilerServices.TaskAwaiter.HandleNonSuccessAndDebuggerNotification(Task task)
   at Npgsql.NpgsqlDataReader.<<NextResultAsync>b__31_0>d.MoveNext()
--- End of stack trace from previous location where exception was thrown ---
   at System.Runtime.ExceptionServices.ExceptionDispatchInfo.Throw()
   at System.Runtime.CompilerServices.TaskAwaiter.HandleNonSuccessAndDebuggerNotification(Task task)
   at Npgsql.NpgsqlCommand.<Execute>d__71.MoveNext()
--- End of stack trace from previous location where exception was thrown ---
   at System.Runtime.ExceptionServices.ExceptionDispatchInfo.Throw()
   at System.Runtime.CompilerServices.TaskAwaiter.HandleNonSuccessAndDebuggerNotification(Task task)
   at System.Runtime.CompilerServices.TaskAwaiter`1.GetResult()
   at System.Runtime.CompilerServices.ValueTaskAwaiter`1.GetResult()
   at Npgsql.NpgsqlCommand.<ExecuteDbDataReader>d__92.MoveNext()
--- End of stack trace from previous location where exception was thrown ---
   at System.Runtime.ExceptionServices.ExceptionDispatchInfo.Throw()
   at System.Runtime.CompilerServices.TaskAwaiter.HandleNonSuccessAndDebuggerNotification(Task task)
   at System.Runtime.CompilerServices.TaskAwaiter`1.GetResult()
   at System.Runtime.CompilerServices.ValueTaskAwaiter`1.GetResult()
   at Npgsql.NpgsqlCommand.<>c__DisplayClass90_0.<<ExecuteDbDataReaderAsync>b__0>d.MoveNext()
--- End of stack trace from previous location where exception was thrown ---
   at System.Runtime.ExceptionServices.ExceptionDispatchInfo.Throw()
   at System.Runtime.CompilerServices.TaskAwaiter.HandleNonSuccessAndDebuggerNotification(Task task)
   at System.Runtime.CompilerServices.TaskAwaiter`1.GetResult()
   at Microsoft.EntityFrameworkCore.Storage.Internal.RelationalCommand.<ExecuteAsync>d__17.MoveNext()
--- End of stack trace from previous location where exception was thrown ---
   at System.Runtime.ExceptionServices.ExceptionDispatchInfo.Throw()
   at System.Runtime.CompilerServices.TaskAwaiter.HandleNonSuccessAndDebuggerNotification(Task task)
   at System.Runtime.CompilerServices.TaskAwaiter`1.GetResult()
   at Microsoft.EntityFrameworkCore.Query.Internal.AsyncQueryingEnumerable`1.AsyncEnumerator.<BufferlessMoveNext>d__10.MoveNext()
--- End of stack trace from previous location where exception was thrown ---
   at System.Runtime.ExceptionServices.ExceptionDispatchInfo.Throw()
   at System.Runtime.CompilerServices.TaskAwaiter.HandleNonSuccessAndDebuggerNotification(Task task)
   at Microsoft.EntityFrameworkCore.Storage.Internal.NpgsqlExecutionStrategy.<ExecuteAsync>d__7`2.MoveNext()
--- End of stack trace from previous location where exception was thrown ---
   at System.Runtime.ExceptionServices.ExceptionDispatchInfo.Throw()
   at System.Runtime.CompilerServices.TaskAwaiter.HandleNonSuccessAndDebuggerNotification(Task task)
   at System.Runtime.CompilerServices.TaskAwaiter`1.GetResult()
   at Microsoft.EntityFrameworkCore.Query.Internal.AsyncQueryingEnumerable`1.AsyncEnumerator.<MoveNext>d__9.MoveNext()
--- End of stack trace from previous location where exception was thrown ---
   at System.Runtime.ExceptionServices.ExceptionDispatchInfo.Throw()
   at System.Runtime.CompilerServices.TaskAwaiter.HandleNonSuccessAndDebuggerNotification(Task task)
   at System.Runtime.CompilerServices.ConfiguredTaskAwaitable`1.ConfiguredTaskAwaiter.GetResult()
   at System.Linq.AsyncEnumerable.<FirstOrDefault_>d__165`1.MoveNext()
--- End of stack trace from previous location where exception was thrown ---
   at System.Runtime.ExceptionServices.ExceptionDispatchInfo.Throw()
   at System.Runtime.CompilerServices.TaskAwaiter.HandleNonSuccessAndDebuggerNotification(Task task)
   at System.Runtime.CompilerServices.TaskAwaiter`1.GetResult()
   at Microsoft.EntityFrameworkCore.Query.Internal.AsyncLinqOperatorProvider.TaskResultAsyncEnumerable`1.Enumerator.<MoveNext>d__3.MoveNext()
--- End of stack trace from previous location where exception was thrown ---
   at System.Runtime.ExceptionServices.ExceptionDispatchInfo.Throw()
   at System.Runtime.CompilerServices.TaskAwaiter.HandleNonSuccessAndDebuggerNotification(Task task)
   at System.Runtime.CompilerServices.ConfiguredTaskAwaitable`1.ConfiguredTaskAwaiter.GetResult()
   at System.Linq.AsyncEnumerable.SelectEnumerableAsyncIterator`2.<MoveNextCore>d__7.MoveNext()
--- End of stack trace from previous location where exception was thrown ---
   at System.Runtime.ExceptionServices.ExceptionDispatchInfo.Throw()
   at System.Runtime.CompilerServices.TaskAwaiter.HandleNonSuccessAndDebuggerNotification(Task task)
   at System.Runtime.CompilerServices.ConfiguredTaskAwaitable`1.ConfiguredTaskAwaiter.GetResult()
   at System.Linq.AsyncEnumerable.AsyncIterator`1.<MoveNext>d__10.MoveNext()
--- End of stack trace from previous location where exception was thrown ---
   at System.Runtime.ExceptionServices.ExceptionDispatchInfo.Throw()
   at System.Runtime.CompilerServices.TaskAwaiter.HandleNonSuccessAndDebuggerNotification(Task task)
   at System.Runtime.CompilerServices.TaskAwaiter`1.GetResult()
   at Microsoft.EntityFrameworkCore.Query.Internal.AsyncLinqOperatorProvider.ExceptionInterceptor`1.EnumeratorExceptionInterceptor.<MoveNext>d__5.MoveNext()
--- End of stack trace from previous location where exception was thrown ---
   at System.Runtime.ExceptionServices.ExceptionDispatchInfo.Throw()
   at System.Runtime.CompilerServices.TaskAwaiter.HandleNonSuccessAndDebuggerNotification(Task task)
   at System.Runtime.CompilerServices.TaskAwaiter`1.GetResult()
   at Microsoft.EntityFrameworkCore.Query.Internal.QueryCompiler.<ExecuteSingletonAsyncQuery>d__23`1.MoveNext() 42P01: relation "AspNetUsers" does not exist
[2017-12-31 17:34:29.2594][WISGNYAZILIM85][Info] Entity Framework Core 2.0.1-rtm-125 initialized 'ApplicationDbContext' using provider 'Npgsql.EntityFrameworkCore.PostgreSQL' with options: None 
[2017-12-31 17:35:21.3046][WISGNYAZILIM85][Info] Entity Framework Core 2.0.1-rtm-125 initialized 'ProductsApiContext' using provider 'Npgsql.EntityFrameworkCore.PostgreSQL' with options: None 
[2017-12-31 17:35:45.0344][WISGNYAZILIM85][Info] Entity Framework Core 2.0.1-rtm-125 initialized 'ApplicationDbContext' using provider 'Npgsql.EntityFrameworkCore.PostgreSQL' with options: None 
[2017-12-31 17:35:45.4568][WISGNYAZILIM85][Info] Executed DbCommand (33ms) [Parameters=[], CommandType='Text', CommandTimeout='30']
SELECT EXISTS (SELECT 1 FROM pg_catalog.pg_class c JOIN pg_catalog.pg_namespace n ON n.oid=c.relnamespace WHERE c.relname='__EFMigrationsHistory'); 
[2017-12-31 17:35:45.5255][WISGNYAZILIM85][Info] Executed DbCommand (11ms) [Parameters=[], CommandType='Text', CommandTimeout='30']
CREATE TABLE "__EFMigrationsHistory" (
    "MigrationId" varchar(150) NOT NULL,
    "ProductVersion" varchar(32) NOT NULL,
    CONSTRAINT "PK___EFMigrationsHistory" PRIMARY KEY ("MigrationId")
); 
[2017-12-31 17:35:45.5385][WISGNYAZILIM85][Info] Executed DbCommand (0ms) [Parameters=[], CommandType='Text', CommandTimeout='30']
SELECT EXISTS (SELECT 1 FROM pg_catalog.pg_class c JOIN pg_catalog.pg_namespace n ON n.oid=c.relnamespace WHERE c.relname='__EFMigrationsHistory'); 
[2017-12-31 17:35:45.5469][WISGNYAZILIM85][Info] Executed DbCommand (1ms) [Parameters=[], CommandType='Text', CommandTimeout='30']
SELECT "MigrationId", "ProductVersion"
FROM "__EFMigrationsHistory"
ORDER BY "MigrationId"; 
[2017-12-31 17:35:45.5469][WISGNYAZILIM85][Info] Applying migration '20171224130049_ApplicationDbMigration'. 
[2017-12-31 17:35:45.6123][WISGNYAZILIM85][Info] Executed DbCommand (5ms) [Parameters=[], CommandType='Text', CommandTimeout='30']
CREATE TABLE "AspNetRoles" (
    "Id" text NOT NULL,
    "ConcurrencyStamp" text NULL,
    "Name" varchar(256) NULL,
    "NormalizedName" varchar(256) NULL,
    CONSTRAINT "PK_AspNetRoles" PRIMARY KEY ("Id")
); 
[2017-12-31 17:35:45.6123][WISGNYAZILIM85][Info] Executed DbCommand (3ms) [Parameters=[], CommandType='Text', CommandTimeout='30']
CREATE TABLE "AspNetUsers" (
    "Id" text NOT NULL,
    "AccessFailedCount" int4 NOT NULL,
    "ConcurrencyStamp" text NULL,
    "Email" varchar(256) NULL,
    "EmailConfirmed" bool NOT NULL,
    "LockoutEnabled" bool NOT NULL,
    "LockoutEnd" timestamptz NULL,
    "NormalizedEmail" varchar(256) NULL,
    "NormalizedUserName" varchar(256) NULL,
    "PasswordHash" text NULL,
    "PhoneNumber" text NULL,
    "PhoneNumberConfirmed" bool NOT NULL,
    "SecurityStamp" text NULL,
    "TwoFactorEnabled" bool NOT NULL,
    "UserName" varchar(256) NULL,
    CONSTRAINT "PK_AspNetUsers" PRIMARY KEY ("Id")
); 
[2017-12-31 17:35:45.6326][WISGNYAZILIM85][Info] Executed DbCommand (4ms) [Parameters=[], CommandType='Text', CommandTimeout='30']
CREATE TABLE "AspNetRoleClaims" (
    "Id" serial NOT NULL,
    "ClaimType" text NULL,
    "ClaimValue" text NULL,
    "RoleId" text NOT NULL,
    CONSTRAINT "PK_AspNetRoleClaims" PRIMARY KEY ("Id"),
    CONSTRAINT "FK_AspNetRoleClaims_AspNetRoles_RoleId" FOREIGN KEY ("RoleId") REFERENCES "AspNetRoles" ("Id") ON DELETE CASCADE
); 
[2017-12-31 17:35:45.6454][WISGNYAZILIM85][Info] Executed DbCommand (6ms) [Parameters=[], CommandType='Text', CommandTimeout='30']
CREATE TABLE "AspNetUserClaims" (
    "Id" serial NOT NULL,
    "ClaimType" text NULL,
    "ClaimValue" text NULL,
    "UserId" text NOT NULL,
    CONSTRAINT "PK_AspNetUserClaims" PRIMARY KEY ("Id"),
    CONSTRAINT "FK_AspNetUserClaims_AspNetUsers_UserId" FOREIGN KEY ("UserId") REFERENCES "AspNetUsers" ("Id") ON DELETE CASCADE
); 
[2017-12-31 17:35:45.6454][WISGNYAZILIM85][Info] Executed DbCommand (3ms) [Parameters=[], CommandType='Text', CommandTimeout='30']
CREATE TABLE "AspNetUserLogins" (
    "LoginProvider" text NOT NULL,
    "ProviderKey" text NOT NULL,
    "ProviderDisplayName" text NULL,
    "UserId" text NOT NULL,
    CONSTRAINT "PK_AspNetUserLogins" PRIMARY KEY ("LoginProvider", "ProviderKey"),
    CONSTRAINT "FK_AspNetUserLogins_AspNetUsers_UserId" FOREIGN KEY ("UserId") REFERENCES "AspNetUsers" ("Id") ON DELETE CASCADE
); 
[2017-12-31 17:35:45.6674][WISGNYAZILIM85][Info] Executed DbCommand (5ms) [Parameters=[], CommandType='Text', CommandTimeout='30']
CREATE TABLE "AspNetUserRoles" (
    "UserId" text NOT NULL,
    "RoleId" text NOT NULL,
    CONSTRAINT "PK_AspNetUserRoles" PRIMARY KEY ("UserId", "RoleId"),
    CONSTRAINT "FK_AspNetUserRoles_AspNetRoles_RoleId" FOREIGN KEY ("RoleId") REFERENCES "AspNetRoles" ("Id") ON DELETE CASCADE,
    CONSTRAINT "FK_AspNetUserRoles_AspNetUsers_UserId" FOREIGN KEY ("UserId") REFERENCES "AspNetUsers" ("Id") ON DELETE CASCADE
); 
[2017-12-31 17:35:45.6772][WISGNYAZILIM85][Info] Executed DbCommand (3ms) [Parameters=[], CommandType='Text', CommandTimeout='30']
CREATE TABLE "AspNetUserTokens" (
    "UserId" text NOT NULL,
    "LoginProvider" text NOT NULL,
    "Name" text NOT NULL,
    "Value" text NULL,
    CONSTRAINT "PK_AspNetUserTokens" PRIMARY KEY ("UserId", "LoginProvider", "Name"),
    CONSTRAINT "FK_AspNetUserTokens_AspNetUsers_UserId" FOREIGN KEY ("UserId") REFERENCES "AspNetUsers" ("Id") ON DELETE CASCADE
); 
[2017-12-31 17:35:45.6772][WISGNYAZILIM85][Info] Executed DbCommand (1ms) [Parameters=[], CommandType='Text', CommandTimeout='30']
CREATE INDEX "IX_AspNetRoleClaims_RoleId" ON "AspNetRoleClaims" ("RoleId"); 
[2017-12-31 17:35:45.6930][WISGNYAZILIM85][Info] Executed DbCommand (1ms) [Parameters=[], CommandType='Text', CommandTimeout='30']
CREATE UNIQUE INDEX "RoleNameIndex" ON "AspNetRoles" ("NormalizedName"); 
[2017-12-31 17:35:45.6930][WISGNYAZILIM85][Info] Executed DbCommand (1ms) [Parameters=[], CommandType='Text', CommandTimeout='30']
CREATE INDEX "IX_AspNetUserClaims_UserId" ON "AspNetUserClaims" ("UserId"); 
[2017-12-31 17:35:45.7080][WISGNYAZILIM85][Info] Executed DbCommand (1ms) [Parameters=[], CommandType='Text', CommandTimeout='30']
CREATE INDEX "IX_AspNetUserLogins_UserId" ON "AspNetUserLogins" ("UserId"); 
[2017-12-31 17:35:45.7080][WISGNYAZILIM85][Info] Executed DbCommand (1ms) [Parameters=[], CommandType='Text', CommandTimeout='30']
CREATE INDEX "IX_AspNetUserRoles_RoleId" ON "AspNetUserRoles" ("RoleId"); 
[2017-12-31 17:35:45.7237][WISGNYAZILIM85][Info] Executed DbCommand (1ms) [Parameters=[], CommandType='Text', CommandTimeout='30']
CREATE INDEX "EmailIndex" ON "AspNetUsers" ("NormalizedEmail"); 
[2017-12-31 17:35:45.7237][WISGNYAZILIM85][Info] Executed DbCommand (1ms) [Parameters=[], CommandType='Text', CommandTimeout='30']
CREATE UNIQUE INDEX "UserNameIndex" ON "AspNetUsers" ("NormalizedUserName"); 
[2017-12-31 17:35:45.7400][WISGNYAZILIM85][Info] Executed DbCommand (2ms) [Parameters=[], CommandType='Text', CommandTimeout='30']
INSERT INTO "__EFMigrationsHistory" ("MigrationId", "ProductVersion")
VALUES ('20171224130049_ApplicationDbMigration', '2.0.1-rtm-125'); 
[2017-12-31 17:35:45.7547][WISGNYAZILIM85][Info] Applying migration '20171231143429_InitialMigration'. 
[2017-12-31 17:35:45.7709][WISGNYAZILIM85][Info] Executed DbCommand (0ms) [Parameters=[], CommandType='Text', CommandTimeout='30']
INSERT INTO "__EFMigrationsHistory" ("MigrationId", "ProductVersion")
VALUES ('20171231143429_InitialMigration', '2.0.1-rtm-125'); 
[2017-12-31 17:36:26.1673][WISGNYAZILIM85][Info] Entity Framework Core 2.0.1-rtm-125 initialized 'ProductsApiContext' using provider 'Npgsql.EntityFrameworkCore.PostgreSQL' with options: None 
[2017-12-31 17:36:26.5892][WISGNYAZILIM85][Info] Executed DbCommand (31ms) [Parameters=[], CommandType='Text', CommandTimeout='30']
SELECT EXISTS (SELECT 1 FROM pg_catalog.pg_class c JOIN pg_catalog.pg_namespace n ON n.oid=c.relnamespace WHERE c.relname='__EFMigrationsHistory'); 
[2017-12-31 17:36:26.6096][WISGNYAZILIM85][Info] Executed DbCommand (0ms) [Parameters=[], CommandType='Text', CommandTimeout='30']
SELECT EXISTS (SELECT 1 FROM pg_catalog.pg_class c JOIN pg_catalog.pg_namespace n ON n.oid=c.relnamespace WHERE c.relname='__EFMigrationsHistory'); 
[2017-12-31 17:36:26.6096][WISGNYAZILIM85][Info] Executed DbCommand (1ms) [Parameters=[], CommandType='Text', CommandTimeout='30']
SELECT "MigrationId", "ProductVersion"
FROM "__EFMigrationsHistory"
ORDER BY "MigrationId"; 
[2017-12-31 17:36:26.6316][WISGNYAZILIM85][Info] Applying migration '20171224130015_ProductsApiMigration'. 
[2017-12-31 17:36:26.6746][WISGNYAZILIM85][Info] Executed DbCommand (12ms) [Parameters=[], CommandType='Text', CommandTimeout='30']
CREATE TABLE "Products" (
    "Id" serial NOT NULL,
    "CreatedDate" timestamp NOT NULL,
    "ModifiedDate" timestamp NOT NULL,
    "Price" float8 NOT NULL,
    "Title" text NULL,
    CONSTRAINT "PK_Products" PRIMARY KEY ("Id")
); 
[2017-12-31 17:36:26.6746][WISGNYAZILIM85][Info] Executed DbCommand (0ms) [Parameters=[], CommandType='Text', CommandTimeout='30']
INSERT INTO "__EFMigrationsHistory" ("MigrationId", "ProductVersion")
VALUES ('20171224130015_ProductsApiMigration', '2.0.1-rtm-125'); 
[2017-12-31 17:36:26.6968][WISGNYAZILIM85][Info] Applying migration '20171231143521_SecondMigration'. 
[2017-12-31 17:36:26.7103][WISGNYAZILIM85][Info] Executed DbCommand (1ms) [Parameters=[], CommandType='Text', CommandTimeout='30']
ALTER TABLE "Products" ALTER COLUMN "Title" TYPE text;
ALTER TABLE "Products" ALTER COLUMN "Title" SET NOT NULL;
ALTER TABLE "Products" ALTER COLUMN "Title" DROP DEFAULT; 
[2017-12-31 17:36:26.7103][WISGNYAZILIM85][Info] Executed DbCommand (0ms) [Parameters=[], CommandType='Text', CommandTimeout='30']
INSERT INTO "__EFMigrationsHistory" ("MigrationId", "ProductVersion")
VALUES ('20171231143521_SecondMigration', '2.0.1-rtm-125'); 
[2017-12-31 17:37:08.5401][WISGNYAZILIM85][Info] Application started... 
[2017-12-31 17:37:09.1800][WISGNYAZILIM85][Info] Request starting HTTP/1.1 POST http://localhost:2462/api/Account/Login application/json 59 
[2017-12-31 17:37:09.2190][WISGNYAZILIM85][Info] Request starting HTTP/1.1 GET http://localhost:2462/api/product   
[2017-12-31 17:37:10.7409][WISGNYAZILIM85][Info] Authorization failed for user: (null). 
[2017-12-31 17:37:10.7984][WISGNYAZILIM85][Info] Authorization failed for the request at filter 'Microsoft.AspNetCore.Mvc.Authorization.AuthorizeFilter'. 
[2017-12-31 17:37:10.9679][WISGNYAZILIM85][Info] Executing ChallengeResult with authentication schemes (Bearer). 
[2017-12-31 17:37:11.0199][WISGNYAZILIM85][Info] AuthenticationScheme: Bearer was challenged. 
[2017-12-31 17:37:11.0714][WISGNYAZILIM85][Info] Executed action ProductsApi.Controllers.ProductController.GetAllProducts (ProductsApi) in 553.9039ms 
[2017-12-31 17:37:11.2278][WISGNYAZILIM85][Info] Request finished in 2191.24ms 401  
[2017-12-31 17:37:11.5074][WISGNYAZILIM85][Info] Executing action method ProductsApi.Controllers.AccountController.Login (ProductsApi) with arguments (ProductsApi.Model.Login) - ModelState is Valid 
[2017-12-31 17:37:17.0432][WISGNYAZILIM85][Info] Entity Framework Core 2.0.1-rtm-125 initialized 'ApplicationDbContext' using provider 'Npgsql.EntityFrameworkCore.PostgreSQL' with options: None 
[2017-12-31 17:37:18.1532][WISGNYAZILIM85][Info] Executed DbCommand (37ms) [Parameters=[@__normalizedUserName_0='?' (Size = 256)], CommandType='Text', CommandTimeout='30']
SELECT "u"."Id", "u"."AccessFailedCount", "u"."ConcurrencyStamp", "u"."Email", "u"."EmailConfirmed", "u"."LockoutEnabled", "u"."LockoutEnd", "u"."NormalizedEmail", "u"."NormalizedUserName", "u"."PasswordHash", "u"."PhoneNumber", "u"."PhoneNumberConfirmed", "u"."SecurityStamp", "u"."TwoFactorEnabled", "u"."UserName"
FROM "AspNetUsers" AS "u"
WHERE "u"."NormalizedUserName" = @__normalizedUserName_0
LIMIT 1 
[2017-12-31 17:37:25.7139][WISGNYAZILIM85][Info] Executed action ProductsApi.Controllers.AccountController.Login (ProductsApi) in 15089.9341ms 
[2017-12-31 17:37:25.9689][WISGNYAZILIM85][Error] An unhandled exception has occurred while executing the request INVALID_LOGIN_ATTEMPT
[2017-12-31 17:37:26.3948][WISGNYAZILIM85][Info] Request finished in 17360.5303ms 500 text/html; charset=utf-8 
[2017-12-31 17:37:37.7577][WISGNYAZILIM85][Info] Request starting HTTP/1.1 POST http://localhost:2462/api/Account/Register application/json 60 
[2017-12-31 17:37:38.1850][WISGNYAZILIM85][Info] Executing action method ProductsApi.Controllers.AccountController.Register (ProductsApi) with arguments (ProductsApi.Model.Register) - ModelState is Valid 
[2017-12-31 17:37:38.3778][WISGNYAZILIM85][Info] Entity Framework Core 2.0.1-rtm-125 initialized 'ApplicationDbContext' using provider 'Npgsql.EntityFrameworkCore.PostgreSQL' with options: None 
[2017-12-31 17:37:38.4313][WISGNYAZILIM85][Info] Executed DbCommand (4ms) [Parameters=[@__normalizedUserName_0='?' (Size = 256)], CommandType='Text', CommandTimeout='30']
SELECT "u"."Id", "u"."AccessFailedCount", "u"."ConcurrencyStamp", "u"."Email", "u"."EmailConfirmed", "u"."LockoutEnabled", "u"."LockoutEnd", "u"."NormalizedEmail", "u"."NormalizedUserName", "u"."PasswordHash", "u"."PhoneNumber", "u"."PhoneNumberConfirmed", "u"."SecurityStamp", "u"."TwoFactorEnabled", "u"."UserName"
FROM "AspNetUsers" AS "u"
WHERE "u"."NormalizedUserName" = @__normalizedUserName_0
LIMIT 1 
[2017-12-31 17:37:38.6318][WISGNYAZILIM85][Info] Executed DbCommand (56ms) [Parameters=[@p0='?', @p1='?', @p2='?', @p3='?', @p4='?', @p5='?', @p6='?', @p7='?', @p8='?', @p9='?', @p10='?', @p11='?', @p12='?', @p13='?', @p14='?'], CommandType='Text', CommandTimeout='30']
INSERT INTO "AspNetUsers" ("Id", "AccessFailedCount", "ConcurrencyStamp", "Email", "EmailConfirmed", "LockoutEnabled", "LockoutEnd", "NormalizedEmail", "NormalizedUserName", "PasswordHash", "PhoneNumber", "PhoneNumberConfirmed", "SecurityStamp", "TwoFactorEnabled", "UserName")
VALUES (@p0, @p1, @p2, @p3, @p4, @p5, @p6, @p7, @p8, @p9, @p10, @p11, @p12, @p13, @p14); 
[2017-12-31 17:37:38.8099][WISGNYAZILIM85][Info] Executed DbCommand (43ms) [Parameters=[@__user_Id_0='?'], CommandType='Text', CommandTimeout='30']
SELECT "uc"."Id", "uc"."ClaimType", "uc"."ClaimValue", "uc"."UserId"
FROM "AspNetUserClaims" AS "uc"
WHERE "uc"."UserId" = @__user_Id_0 
[2017-12-31 17:37:38.9358][WISGNYAZILIM85][Info] Executed DbCommand (41ms) [Parameters=[@__userId_0='?'], CommandType='Text', CommandTimeout='30']
SELECT "role"."Name"
FROM "AspNetUserRoles" AS "userRole"
INNER JOIN "AspNetRoles" AS "role" ON "userRole"."RoleId" = "role"."Id"
WHERE "userRole"."UserId" = @__userId_0 
[2017-12-31 17:37:38.9958][WISGNYAZILIM85][Info] AuthenticationScheme: Identity.Application signed in. 
[2017-12-31 17:37:42.4282][WISGNYAZILIM85][Info] Executing ObjectResult, writing value Microsoft.AspNetCore.Mvc.ControllerContext. 
[2017-12-31 17:37:42.4768][WISGNYAZILIM85][Info] Executed action ProductsApi.Controllers.AccountController.Register (ProductsApi) in 4667.1265ms 
[2017-12-31 17:37:42.5245][WISGNYAZILIM85][Info] Request finished in 4766.1872ms 200 text/plain; charset=utf-8 
[2017-12-31 17:37:46.7816][WISGNYAZILIM85][Info] Request starting HTTP/1.1 POST http://localhost:2462/api/Account/Login application/json 59 
[2017-12-31 17:37:46.8334][WISGNYAZILIM85][Info] Executing action method ProductsApi.Controllers.AccountController.Login (ProductsApi) with arguments (ProductsApi.Model.Login) - ModelState is Valid 
[2017-12-31 17:37:47.8912][WISGNYAZILIM85][Info] Entity Framework Core 2.0.1-rtm-125 initialized 'ApplicationDbContext' using provider 'Npgsql.EntityFrameworkCore.PostgreSQL' with options: None 
[2017-12-31 17:37:47.9413][WISGNYAZILIM85][Info] Executed DbCommand (2ms) [Parameters=[@__normalizedUserName_0='?' (Size = 256)], CommandType='Text', CommandTimeout='30']
SELECT "u"."Id", "u"."AccessFailedCount", "u"."ConcurrencyStamp", "u"."Email", "u"."EmailConfirmed", "u"."LockoutEnabled", "u"."LockoutEnd", "u"."NormalizedEmail", "u"."NormalizedUserName", "u"."PasswordHash", "u"."PhoneNumber", "u"."PhoneNumberConfirmed", "u"."SecurityStamp", "u"."TwoFactorEnabled", "u"."UserName"
FROM "AspNetUsers" AS "u"
WHERE "u"."NormalizedUserName" = @__normalizedUserName_0
LIMIT 1 
[2017-12-31 17:37:48.1136][WISGNYAZILIM85][Info] Executed action ProductsApi.Controllers.AccountController.Login (ProductsApi) in 1280.0999ms 
[2017-12-31 17:37:48.3485][WISGNYAZILIM85][Error] An unhandled exception has occurred while executing the request INVALID_LOGIN_ATTEMPT
[2017-12-31 17:37:48.5549][WISGNYAZILIM85][Info] Request finished in 1771.2874ms 500 text/html; charset=utf-8 
[2017-12-31 17:38:01.8445][WISGNYAZILIM85][Info] Request starting HTTP/1.1 POST http://localhost:2462/api/Account/Login application/json 59 
[2017-12-31 17:38:01.8911][WISGNYAZILIM85][Info] Executing action method ProductsApi.Controllers.AccountController.Login (ProductsApi) with arguments (ProductsApi.Model.Login) - ModelState is Valid 
[2017-12-31 17:38:05.4870][WISGNYAZILIM85][Info] Entity Framework Core 2.0.1-rtm-125 initialized 'ApplicationDbContext' using provider 'Npgsql.EntityFrameworkCore.PostgreSQL' with options: None 
[2017-12-31 17:38:05.5774][WISGNYAZILIM85][Info] Executed DbCommand (42ms) [Parameters=[@__normalizedUserName_0='?' (Size = 256)], CommandType='Text', CommandTimeout='30']
SELECT "u"."Id", "u"."AccessFailedCount", "u"."ConcurrencyStamp", "u"."Email", "u"."EmailConfirmed", "u"."LockoutEnabled", "u"."LockoutEnd", "u"."NormalizedEmail", "u"."NormalizedUserName", "u"."PasswordHash", "u"."PhoneNumber", "u"."PhoneNumberConfirmed", "u"."SecurityStamp", "u"."TwoFactorEnabled", "u"."UserName"
FROM "AspNetUsers" AS "u"
WHERE "u"."NormalizedUserName" = @__normalizedUserName_0
LIMIT 1 
[2017-12-31 17:38:29.9730][WISGNYAZILIM85][Info] Executed action ProductsApi.Controllers.AccountController.Login (ProductsApi) in 28081.9092ms 
[2017-12-31 17:38:30.0560][WISGNYAZILIM85][Warn] Heartbeat took longer than "00:00:01" at "12/31/2017 14:38:29 +00:00". 
[2017-12-31 17:38:30.3253][WISGNYAZILIM85][Error] An unhandled exception has occurred while executing the request INVALID_LOGIN_ATTEMPT
[2017-12-31 17:38:30.5603][WISGNYAZILIM85][Info] Request finished in 28714.5179ms 500 text/html; charset=utf-8 
[2017-12-31 17:38:53.0117][WISGNYAZILIM85][Info] Request starting HTTP/1.1 POST http://localhost:2462/api/Account/Register application/json 59 
[2017-12-31 17:38:53.0993][WISGNYAZILIM85][Info] Executing action method ProductsApi.Controllers.AccountController.Register (ProductsApi) with arguments (ProductsApi.Model.Register) - ModelState is Valid 
[2017-12-31 17:38:53.1830][WISGNYAZILIM85][Info] Entity Framework Core 2.0.1-rtm-125 initialized 'ApplicationDbContext' using provider 'Npgsql.EntityFrameworkCore.PostgreSQL' with options: None 
[2017-12-31 17:38:53.2723][WISGNYAZILIM85][Info] Executed DbCommand (42ms) [Parameters=[@__normalizedUserName_0='?' (Size = 256)], CommandType='Text', CommandTimeout='30']
SELECT "u"."Id", "u"."AccessFailedCount", "u"."ConcurrencyStamp", "u"."Email", "u"."EmailConfirmed", "u"."LockoutEnabled", "u"."LockoutEnd", "u"."NormalizedEmail", "u"."NormalizedUserName", "u"."PasswordHash", "u"."PhoneNumber", "u"."PhoneNumberConfirmed", "u"."SecurityStamp", "u"."TwoFactorEnabled", "u"."UserName"
FROM "AspNetUsers" AS "u"
WHERE "u"."NormalizedUserName" = @__normalizedUserName_0
LIMIT 1 
[2017-12-31 17:38:53.3626][WISGNYAZILIM85][Info] Executed DbCommand (43ms) [Parameters=[@p0='?', @p1='?', @p2='?', @p3='?', @p4='?', @p5='?', @p6='?', @p7='?', @p8='?', @p9='?', @p10='?', @p11='?', @p12='?', @p13='?', @p14='?'], CommandType='Text', CommandTimeout='30']
INSERT INTO "AspNetUsers" ("Id", "AccessFailedCount", "ConcurrencyStamp", "Email", "EmailConfirmed", "LockoutEnabled", "LockoutEnd", "NormalizedEmail", "NormalizedUserName", "PasswordHash", "PhoneNumber", "PhoneNumberConfirmed", "SecurityStamp", "TwoFactorEnabled", "UserName")
VALUES (@p0, @p1, @p2, @p3, @p4, @p5, @p6, @p7, @p8, @p9, @p10, @p11, @p12, @p13, @p14); 
[2017-12-31 17:38:53.4171][WISGNYAZILIM85][Info] Executed DbCommand (1ms) [Parameters=[@__user_Id_0='?'], CommandType='Text', CommandTimeout='30']
SELECT "uc"."Id", "uc"."ClaimType", "uc"."ClaimValue", "uc"."UserId"
FROM "AspNetUserClaims" AS "uc"
WHERE "uc"."UserId" = @__user_Id_0 
[2017-12-31 17:38:53.4678][WISGNYAZILIM85][Info] Executed DbCommand (1ms) [Parameters=[@__userId_0='?'], CommandType='Text', CommandTimeout='30']
SELECT "role"."Name"
FROM "AspNetUserRoles" AS "userRole"
INNER JOIN "AspNetRoles" AS "role" ON "userRole"."RoleId" = "role"."Id"
WHERE "userRole"."UserId" = @__userId_0 
[2017-12-31 17:38:53.5150][WISGNYAZILIM85][Info] AuthenticationScheme: Identity.Application signed in. 
[2017-12-31 17:38:55.4410][WISGNYAZILIM85][Info] Executing ObjectResult, writing value Microsoft.AspNetCore.Mvc.ControllerContext. 
[2017-12-31 17:38:55.4878][WISGNYAZILIM85][Info] Executed action ProductsApi.Controllers.AccountController.Register (ProductsApi) in 2388.9463ms 
[2017-12-31 17:38:55.5379][WISGNYAZILIM85][Info] Request finished in 2523.0734ms 200 text/plain; charset=utf-8 
[2017-12-31 17:39:07.2499][WISGNYAZILIM85][Info] Request starting HTTP/1.1 POST http://localhost:2462/api/Account/Login application/json 59 
[2017-12-31 17:39:07.2971][WISGNYAZILIM85][Info] Executing action method ProductsApi.Controllers.AccountController.Login (ProductsApi) with arguments (ProductsApi.Model.Login) - ModelState is Valid 
[2017-12-31 17:39:08.2083][WISGNYAZILIM85][Info] Entity Framework Core 2.0.1-rtm-125 initialized 'ApplicationDbContext' using provider 'Npgsql.EntityFrameworkCore.PostgreSQL' with options: None 
[2017-12-31 17:39:08.2592][WISGNYAZILIM85][Info] Executed DbCommand (2ms) [Parameters=[@__normalizedUserName_0='?' (Size = 256)], CommandType='Text', CommandTimeout='30']
SELECT "u"."Id", "u"."AccessFailedCount", "u"."ConcurrencyStamp", "u"."Email", "u"."EmailConfirmed", "u"."LockoutEnabled", "u"."LockoutEnd", "u"."NormalizedEmail", "u"."NormalizedUserName", "u"."PasswordHash", "u"."PhoneNumber", "u"."PhoneNumberConfirmed", "u"."SecurityStamp", "u"."TwoFactorEnabled", "u"."UserName"
FROM "AspNetUsers" AS "u"
WHERE "u"."NormalizedUserName" = @__normalizedUserName_0
LIMIT 1 
[2017-12-31 17:39:08.3664][WISGNYAZILIM85][Info] Executed DbCommand (1ms) [Parameters=[@__user_Id_0='?'], CommandType='Text', CommandTimeout='30']
SELECT "uc"."Id", "uc"."ClaimType", "uc"."ClaimValue", "uc"."UserId"
FROM "AspNetUserClaims" AS "uc"
WHERE "uc"."UserId" = @__user_Id_0 
[2017-12-31 17:39:08.4170][WISGNYAZILIM85][Info] Executed DbCommand (1ms) [Parameters=[@__userId_0='?'], CommandType='Text', CommandTimeout='30']
SELECT "role"."Name"
FROM "AspNetUserRoles" AS "userRole"
INNER JOIN "AspNetRoles" AS "role" ON "userRole"."RoleId" = "role"."Id"
WHERE "userRole"."UserId" = @__userId_0 
[2017-12-31 17:39:08.4638][WISGNYAZILIM85][Info] AuthenticationScheme: Identity.Application signed in. 
[2017-12-31 17:39:08.5265][WISGNYAZILIM85][Info] Executed DbCommand (1ms) [Parameters=[@__model_Email_0='?' (Size = 256)], CommandType='Text', CommandTimeout='30']
SELECT "r"."Id", "r"."AccessFailedCount", "r"."ConcurrencyStamp", "r"."Email", "r"."EmailConfirmed", "r"."LockoutEnabled", "r"."LockoutEnd", "r"."NormalizedEmail", "r"."NormalizedUserName", "r"."PasswordHash", "r"."PhoneNumber", "r"."PhoneNumberConfirmed", "r"."SecurityStamp", "r"."TwoFactorEnabled", "r"."UserName"
FROM "AspNetUsers" AS "r"
WHERE "r"."Email" = @__model_Email_0
LIMIT 2 
[2017-12-31 17:39:08.5748][WISGNYAZILIM85][Info] Executing ObjectResult, writing value Microsoft.AspNetCore.Mvc.ControllerContext. 
[2017-12-31 17:39:08.6212][WISGNYAZILIM85][Info] Executed action ProductsApi.Controllers.AccountController.Login (ProductsApi) in 1324.8797ms 
[2017-12-31 17:39:08.6677][WISGNYAZILIM85][Info] Request finished in 1419.3581ms 200 text/plain; charset=utf-8 
[2017-12-31 17:40:05.6873][WISGNYAZILIM85][Info] Request starting HTTP/1.1 POST http://localhost:2462/api/product/ application/json 44 
[2017-12-31 17:40:05.7958][WISGNYAZILIM85][Info] Successfully validated the token. 
[2017-12-31 17:40:05.9182][WISGNYAZILIM85][Info] AuthenticationScheme: Bearer was successfully authenticated. 
[2017-12-31 17:40:05.9656][WISGNYAZILIM85][Info] Authorization was successful for user: otimucin@hurriyet.com.tr. 
[2017-12-31 17:40:06.0272][WISGNYAZILIM85][Info] Executing action method ProductsApi.Controllers.ProductController.AddProduct (ProductsApi) with arguments (ProductsApi.Model.Product) - ModelState is Valid 
[2017-12-31 17:40:06.0766][WISGNYAZILIM85][Info] Entity Framework Core 2.0.1-rtm-125 initialized 'ProductsApiContext' using provider 'Npgsql.EntityFrameworkCore.PostgreSQL' with options: None 
[2017-12-31 17:40:06.1843][WISGNYAZILIM85][Info] Executed DbCommand (14ms) [Parameters=[@p0='?', @p1='?', @p2='?', @p3='?'], CommandType='Text', CommandTimeout='30']
INSERT INTO "Products" ("CreatedDate", "ModifiedDate", "Price", "Title")
VALUES (@p0, @p1, @p2, @p3)
RETURNING "Id"; 
[2017-12-31 17:40:06.2408][WISGNYAZILIM85][Info] Executed action ProductsApi.Controllers.ProductController.AddProduct (ProductsApi) in 497.8046ms 
[2017-12-31 17:40:06.2872][WISGNYAZILIM85][Info] Request finished in 600.8498ms 200  
[2017-12-31 17:40:10.8660][WISGNYAZILIM85][Info] Request starting HTTP/1.1 GET http://localhost:2462/api/product/ application/json  
[2017-12-31 17:40:10.9127][WISGNYAZILIM85][Info] Successfully validated the token. 
[2017-12-31 17:40:10.9590][WISGNYAZILIM85][Info] AuthenticationScheme: Bearer was successfully authenticated. 
[2017-12-31 17:40:11.0049][WISGNYAZILIM85][Info] Authorization was successful for user: otimucin@hurriyet.com.tr. 
[2017-12-31 17:40:11.0514][WISGNYAZILIM85][Info] Executing action method ProductsApi.Controllers.ProductController.GetAllProducts (ProductsApi) with arguments ((null)) - ModelState is Valid 
[2017-12-31 17:40:11.0986][WISGNYAZILIM85][Info] Tüm Ürünler Listeleniyor 
[2017-12-31 17:40:11.1539][WISGNYAZILIM85][Info] Entity Framework Core 2.0.1-rtm-125 initialized 'ProductsApiContext' using provider 'Npgsql.EntityFrameworkCore.PostgreSQL' with options: None 
[2017-12-31 17:40:11.2156][WISGNYAZILIM85][Info] Executed DbCommand (3ms) [Parameters=[], CommandType='Text', CommandTimeout='30']
SELECT "p"."Id", "p"."CreatedDate", "p"."ModifiedDate", "p"."Price", "p"."Title"
FROM "Products" AS "p" 
[2017-12-31 17:40:11.2982][WISGNYAZILIM85][Info] Executing ObjectResult, writing value Microsoft.AspNetCore.Mvc.ControllerContext. 
[2017-12-31 17:40:11.3556][WISGNYAZILIM85][Info] Executed action ProductsApi.Controllers.ProductController.GetAllProducts (ProductsApi) in 442.853ms 
[2017-12-31 17:40:11.4020][WISGNYAZILIM85][Info] Request finished in 537.1048ms 200 application/json; charset=utf-8 
